<?xml version="1.0" encoding="UTF-8"?>
<!-- Generated by org.testng.reporters.JUnitReportReporter -->
<testsuite hostname="predator" failures="0" tests="1" name="testCases.TC_HamroBazar" time="0.217" errors="0" timestamp="2024-08-12T20:59:59 NPT" skipped="0">
  <testcase classname="testCases.TC_HamroBazar" name="Verify_Search_Results" time="0.217"/>
</testsuite> <!-- testCases.TC_HamroBazar -->
